[2020-02-29 10:01:21,006] INFO [ControllerEventThread controllerId=0] Starting (kafka.controller.ControllerEventManager$ControllerEventThread)
[2020-02-29 10:01:21,063] INFO [Controller id=0] 0 successfully elected as the controller. Epoch incremented to 1 and epoch zk version is now 1 (kafka.controller.KafkaController)
[2020-02-29 10:01:21,064] INFO [Controller id=0] Registering handlers (kafka.controller.KafkaController)
[2020-02-29 10:01:21,069] INFO [Controller id=0] Deleting log dir event notifications (kafka.controller.KafkaController)
[2020-02-29 10:01:21,074] INFO [Controller id=0] Deleting isr change notifications (kafka.controller.KafkaController)
[2020-02-29 10:01:21,078] INFO [Controller id=0] Initializing controller context (kafka.controller.KafkaController)
[2020-02-29 10:01:21,147] INFO [Controller id=0] Initialized broker epochs cache: Map(0 -> 24) (kafka.controller.KafkaController)
[2020-02-29 10:01:21,153] DEBUG [Controller id=0] Register BrokerModifications handler for Set(0) (kafka.controller.KafkaController)
[2020-02-29 10:01:21,161] DEBUG [Channel manager on controller 0]: Controller 0 trying to connect to broker 0 (kafka.controller.ControllerChannelManager)
[2020-02-29 10:01:21,185] INFO [RequestSendThread controllerId=0] Starting (kafka.controller.RequestSendThread)
[2020-02-29 10:01:21,186] INFO [Controller id=0] Currently active brokers in the cluster: Set(0) (kafka.controller.KafkaController)
[2020-02-29 10:01:21,187] INFO [Controller id=0] Currently shutting brokers in the cluster: Set() (kafka.controller.KafkaController)
[2020-02-29 10:01:21,187] INFO [Controller id=0] Current list of topics in the cluster: Set() (kafka.controller.KafkaController)
[2020-02-29 10:01:21,188] INFO [Controller id=0] Fetching topic deletions in progress (kafka.controller.KafkaController)
[2020-02-29 10:01:21,193] INFO [Controller id=0] List of topics to be deleted:  (kafka.controller.KafkaController)
[2020-02-29 10:01:21,194] INFO [Controller id=0] List of topics ineligible for deletion:  (kafka.controller.KafkaController)
[2020-02-29 10:01:21,194] INFO [Controller id=0] Initializing topic deletion manager (kafka.controller.KafkaController)
[2020-02-29 10:01:21,195] INFO [Topic Deletion Manager 0] Initializing manager with initial deletions: Set(), initial ineligible deletions: Set() (kafka.controller.TopicDeletionManager)
[2020-02-29 10:01:21,196] INFO [Controller id=0] Sending update metadata request (kafka.controller.KafkaController)
[2020-02-29 10:01:21,214] INFO [ReplicaStateMachine controllerId=0] Initializing replica state (kafka.controller.ZkReplicaStateMachine)
[2020-02-29 10:01:21,215] INFO [ReplicaStateMachine controllerId=0] Triggering online replica state changes (kafka.controller.ZkReplicaStateMachine)
[2020-02-29 10:01:21,237] INFO [ReplicaStateMachine controllerId=0] Triggering offline replica state changes (kafka.controller.ZkReplicaStateMachine)
[2020-02-29 10:01:21,238] DEBUG [ReplicaStateMachine controllerId=0] Started replica state machine with initial state -> Map() (kafka.controller.ZkReplicaStateMachine)
[2020-02-29 10:01:21,239] INFO [PartitionStateMachine controllerId=0] Initializing partition state (kafka.controller.ZkPartitionStateMachine)
[2020-02-29 10:01:21,240] INFO [RequestSendThread controllerId=0] Controller 0 connected to 10.3.1.94:9092 (id: 0 rack: null) for sending state change requests (kafka.controller.RequestSendThread)
[2020-02-29 10:01:21,240] INFO [PartitionStateMachine controllerId=0] Triggering online partition state changes (kafka.controller.ZkPartitionStateMachine)
[2020-02-29 10:01:21,251] DEBUG [PartitionStateMachine controllerId=0] Started partition state machine with initial state -> Map() (kafka.controller.ZkPartitionStateMachine)
[2020-02-29 10:01:21,252] INFO [Controller id=0] Ready to serve as the new controller with epoch 1 (kafka.controller.KafkaController)
[2020-02-29 10:01:21,264] INFO [Controller id=0] Partitions undergoing preferred replica election:  (kafka.controller.KafkaController)
[2020-02-29 10:01:21,265] INFO [Controller id=0] Partitions that completed preferred replica election:  (kafka.controller.KafkaController)
[2020-02-29 10:01:21,266] INFO [Controller id=0] Skipping preferred replica election for partitions due to topic deletion:  (kafka.controller.KafkaController)
[2020-02-29 10:01:21,267] INFO [Controller id=0] Resuming preferred replica election for partitions:  (kafka.controller.KafkaController)
[2020-02-29 10:01:21,269] INFO [Controller id=0] Starting replica leader election (PREFERRED) for partitions  triggered by ZkTriggered (kafka.controller.KafkaController)
[2020-02-29 10:01:21,306] INFO [Controller id=0] Starting the controller scheduler (kafka.controller.KafkaController)
[2020-02-29 10:01:26,311] INFO [Controller id=0] Processing automatic preferred replica leader election (kafka.controller.KafkaController)
[2020-02-29 10:01:26,312] TRACE [Controller id=0] Checking need to trigger auto leader balancing (kafka.controller.KafkaController)
[2020-02-29 10:01:26,315] DEBUG [Controller id=0] Preferred replicas by broker Map() (kafka.controller.KafkaController)
[2020-02-29 10:01:33,753] INFO [Controller id=0] New topics: [Set(test)], deleted topics: [Set()], new partition replica assignment [Map(test-0 -> ReplicaAssignment(replicas=0, addingReplicas=, removingReplicas=))] (kafka.controller.KafkaController)
[2020-02-29 10:01:33,755] INFO [Controller id=0] New partition creation callback for test-0 (kafka.controller.KafkaController)
[2020-02-29 10:03:19,577] INFO [Controller id=0] New topics: [Set(__consumer_offsets)], deleted topics: [Set()], new partition replica assignment [Map(__consumer_offsets-22 -> ReplicaAssignment(replicas=0, addingReplicas=, removingReplicas=), __consumer_offsets-30 -> ReplicaAssignment(replicas=0, addingReplicas=, removingReplicas=), __consumer_offsets-8 -> ReplicaAssignment(replicas=0, addingReplicas=, removingReplicas=), __consumer_offsets-21 -> ReplicaAssignment(replicas=0, addingReplicas=, removingReplicas=), __consumer_offsets-4 -> ReplicaAssignment(replicas=0, addingReplicas=, removingReplicas=), __consumer_offsets-27 -> ReplicaAssignment(replicas=0, addingReplicas=, removingReplicas=), __consumer_offsets-7 -> ReplicaAssignment(replicas=0, addingReplicas=, removingReplicas=), __consumer_offsets-9 -> ReplicaAssignment(replicas=0, addingReplicas=, removingReplicas=), __consumer_offsets-46 -> ReplicaAssignment(replicas=0, addingReplicas=, removingReplicas=), __consumer_offsets-25 -> ReplicaAssignment(replicas=0, addingReplicas=, removingReplicas=), __consumer_offsets-35 -> ReplicaAssignment(replicas=0, addingReplicas=, removingReplicas=), __consumer_offsets-41 -> ReplicaAssignment(replicas=0, addingReplicas=, removingReplicas=), __consumer_offsets-33 -> ReplicaAssignment(replicas=0, addingReplicas=, removingReplicas=), __consumer_offsets-23 -> ReplicaAssignment(replicas=0, addingReplicas=, removingReplicas=), __consumer_offsets-49 -> ReplicaAssignment(replicas=0, addingReplicas=, removingReplicas=), __consumer_offsets-47 -> ReplicaAssignment(replicas=0, addingReplicas=, removingReplicas=), __consumer_offsets-16 -> ReplicaAssignment(replicas=0, addingReplicas=, removingReplicas=), __consumer_offsets-28 -> ReplicaAssignment(replicas=0, addingReplicas=, removingReplicas=), __consumer_offsets-31 -> ReplicaAssignment(replicas=0, addingReplicas=, removingReplicas=), __consumer_offsets-36 -> ReplicaAssignment(replicas=0, addingReplicas=, removingReplicas=), __consumer_offsets-42 -> ReplicaAssignment(replicas=0, addingReplicas=, removingReplicas=), __consumer_offsets-3 -> ReplicaAssignment(replicas=0, addingReplicas=, removingReplicas=), __consumer_offsets-18 -> ReplicaAssignment(replicas=0, addingReplicas=, removingReplicas=), __consumer_offsets-37 -> ReplicaAssignment(replicas=0, addingReplicas=, removingReplicas=), __consumer_offsets-15 -> ReplicaAssignment(replicas=0, addingReplicas=, removingReplicas=), __consumer_offsets-24 -> ReplicaAssignment(replicas=0, addingReplicas=, removingReplicas=), __consumer_offsets-38 -> ReplicaAssignment(replicas=0, addingReplicas=, removingReplicas=), __consumer_offsets-17 -> ReplicaAssignment(replicas=0, addingReplicas=, removingReplicas=), __consumer_offsets-48 -> ReplicaAssignment(replicas=0, addingReplicas=, removingReplicas=), __consumer_offsets-19 -> ReplicaAssignment(replicas=0, addingReplicas=, removingReplicas=), __consumer_offsets-11 -> ReplicaAssignment(replicas=0, addingReplicas=, removingReplicas=), __consumer_offsets-13 -> ReplicaAssignment(replicas=0, addingReplicas=, removingReplicas=), __consumer_offsets-2 -> ReplicaAssignment(replicas=0, addingReplicas=, removingReplicas=), __consumer_offsets-43 -> ReplicaAssignment(replicas=0, addingReplicas=, removingReplicas=), __consumer_offsets-6 -> ReplicaAssignment(replicas=0, addingReplicas=, removingReplicas=), __consumer_offsets-14 -> ReplicaAssignment(replicas=0, addingReplicas=, removingReplicas=), __consumer_offsets-20 -> ReplicaAssignment(replicas=0, addingReplicas=, removingReplicas=), __consumer_offsets-0 -> ReplicaAssignment(replicas=0, addingReplicas=, removingReplicas=), __consumer_offsets-44 -> ReplicaAssignment(replicas=0, addingReplicas=, removingReplicas=), __consumer_offsets-39 -> ReplicaAssignment(replicas=0, addingReplicas=, removingReplicas=), __consumer_offsets-12 -> ReplicaAssignment(replicas=0, addingReplicas=, removingReplicas=), __consumer_offsets-45 -> ReplicaAssignment(replicas=0, addingReplicas=, removingReplicas=), __consumer_offsets-1 -> ReplicaAssignment(replicas=0, addingReplicas=, removingReplicas=), __consumer_offsets-5 -> ReplicaAssignment(replicas=0, addingReplicas=, removingReplicas=), __consumer_offsets-26 -> ReplicaAssignment(replicas=0, addingReplicas=, removingReplicas=), __consumer_offsets-29 -> ReplicaAssignment(replicas=0, addingReplicas=, removingReplicas=), __consumer_offsets-34 -> ReplicaAssignment(replicas=0, addingReplicas=, removingReplicas=), __consumer_offsets-10 -> ReplicaAssignment(replicas=0, addingReplicas=, removingReplicas=), __consumer_offsets-32 -> ReplicaAssignment(replicas=0, addingReplicas=, removingReplicas=), __consumer_offsets-40 -> ReplicaAssignment(replicas=0, addingReplicas=, removingReplicas=))] (kafka.controller.KafkaController)
[2020-02-29 10:03:19,578] INFO [Controller id=0] New partition creation callback for __consumer_offsets-22,__consumer_offsets-30,__consumer_offsets-8,__consumer_offsets-21,__consumer_offsets-4,__consumer_offsets-27,__consumer_offsets-7,__consumer_offsets-9,__consumer_offsets-46,__consumer_offsets-25,__consumer_offsets-35,__consumer_offsets-41,__consumer_offsets-33,__consumer_offsets-23,__consumer_offsets-49,__consumer_offsets-47,__consumer_offsets-16,__consumer_offsets-28,__consumer_offsets-31,__consumer_offsets-36,__consumer_offsets-42,__consumer_offsets-3,__consumer_offsets-18,__consumer_offsets-37,__consumer_offsets-15,__consumer_offsets-24,__consumer_offsets-38,__consumer_offsets-17,__consumer_offsets-48,__consumer_offsets-19,__consumer_offsets-11,__consumer_offsets-13,__consumer_offsets-2,__consumer_offsets-43,__consumer_offsets-6,__consumer_offsets-14,__consumer_offsets-20,__consumer_offsets-0,__consumer_offsets-44,__consumer_offsets-39,__consumer_offsets-12,__consumer_offsets-45,__consumer_offsets-1,__consumer_offsets-5,__consumer_offsets-26,__consumer_offsets-29,__consumer_offsets-34,__consumer_offsets-10,__consumer_offsets-32,__consumer_offsets-40 (kafka.controller.KafkaController)
[2020-02-29 10:06:26,333] INFO [Controller id=0] Processing automatic preferred replica leader election (kafka.controller.KafkaController)
[2020-02-29 10:06:26,335] TRACE [Controller id=0] Checking need to trigger auto leader balancing (kafka.controller.KafkaController)
[2020-02-29 10:06:26,339] DEBUG [Controller id=0] Preferred replicas by broker Map(0 -> Map(__consumer_offsets-22 -> Vector(0), __consumer_offsets-30 -> Vector(0), __consumer_offsets-8 -> Vector(0), __consumer_offsets-21 -> Vector(0), __consumer_offsets-4 -> Vector(0), __consumer_offsets-27 -> Vector(0), __consumer_offsets-7 -> Vector(0), __consumer_offsets-9 -> Vector(0), __consumer_offsets-46 -> Vector(0), __consumer_offsets-25 -> Vector(0), __consumer_offsets-35 -> Vector(0), __consumer_offsets-41 -> Vector(0), __consumer_offsets-33 -> Vector(0), __consumer_offsets-23 -> Vector(0), __consumer_offsets-49 -> Vector(0), __consumer_offsets-47 -> Vector(0), __consumer_offsets-16 -> Vector(0), test-0 -> Vector(0), __consumer_offsets-28 -> Vector(0), __consumer_offsets-31 -> Vector(0), __consumer_offsets-36 -> Vector(0), __consumer_offsets-42 -> Vector(0), __consumer_offsets-3 -> Vector(0), __consumer_offsets-18 -> Vector(0), __consumer_offsets-37 -> Vector(0), __consumer_offsets-15 -> Vector(0), __consumer_offsets-24 -> Vector(0), __consumer_offsets-38 -> Vector(0), __consumer_offsets-17 -> Vector(0), __consumer_offsets-48 -> Vector(0), __consumer_offsets-19 -> Vector(0), __consumer_offsets-11 -> Vector(0), __consumer_offsets-13 -> Vector(0), __consumer_offsets-2 -> Vector(0), __consumer_offsets-43 -> Vector(0), __consumer_offsets-6 -> Vector(0), __consumer_offsets-14 -> Vector(0), __consumer_offsets-20 -> Vector(0), __consumer_offsets-0 -> Vector(0), __consumer_offsets-44 -> Vector(0), __consumer_offsets-39 -> Vector(0), __consumer_offsets-12 -> Vector(0), __consumer_offsets-45 -> Vector(0), __consumer_offsets-1 -> Vector(0), __consumer_offsets-5 -> Vector(0), __consumer_offsets-26 -> Vector(0), __consumer_offsets-29 -> Vector(0), __consumer_offsets-34 -> Vector(0), __consumer_offsets-10 -> Vector(0), __consumer_offsets-32 -> Vector(0), __consumer_offsets-40 -> Vector(0))) (kafka.controller.KafkaController)
[2020-02-29 10:06:26,342] DEBUG [Controller id=0] Topics not in preferred replica for broker 0 Map() (kafka.controller.KafkaController)
[2020-02-29 10:06:26,344] TRACE [Controller id=0] Leader imbalance ratio for broker 0 is 0.0 (kafka.controller.KafkaController)
[2020-02-29 10:11:26,360] INFO [Controller id=0] Processing automatic preferred replica leader election (kafka.controller.KafkaController)
[2020-02-29 10:11:26,360] TRACE [Controller id=0] Checking need to trigger auto leader balancing (kafka.controller.KafkaController)
[2020-02-29 10:11:26,364] DEBUG [Controller id=0] Preferred replicas by broker Map(0 -> Map(__consumer_offsets-22 -> Vector(0), __consumer_offsets-30 -> Vector(0), __consumer_offsets-8 -> Vector(0), __consumer_offsets-21 -> Vector(0), __consumer_offsets-4 -> Vector(0), __consumer_offsets-27 -> Vector(0), __consumer_offsets-7 -> Vector(0), __consumer_offsets-9 -> Vector(0), __consumer_offsets-46 -> Vector(0), __consumer_offsets-25 -> Vector(0), __consumer_offsets-35 -> Vector(0), __consumer_offsets-41 -> Vector(0), __consumer_offsets-33 -> Vector(0), __consumer_offsets-23 -> Vector(0), __consumer_offsets-49 -> Vector(0), __consumer_offsets-47 -> Vector(0), __consumer_offsets-16 -> Vector(0), test-0 -> Vector(0), __consumer_offsets-28 -> Vector(0), __consumer_offsets-31 -> Vector(0), __consumer_offsets-36 -> Vector(0), __consumer_offsets-42 -> Vector(0), __consumer_offsets-3 -> Vector(0), __consumer_offsets-18 -> Vector(0), __consumer_offsets-37 -> Vector(0), __consumer_offsets-15 -> Vector(0), __consumer_offsets-24 -> Vector(0), __consumer_offsets-38 -> Vector(0), __consumer_offsets-17 -> Vector(0), __consumer_offsets-48 -> Vector(0), __consumer_offsets-19 -> Vector(0), __consumer_offsets-11 -> Vector(0), __consumer_offsets-13 -> Vector(0), __consumer_offsets-2 -> Vector(0), __consumer_offsets-43 -> Vector(0), __consumer_offsets-6 -> Vector(0), __consumer_offsets-14 -> Vector(0), __consumer_offsets-20 -> Vector(0), __consumer_offsets-0 -> Vector(0), __consumer_offsets-44 -> Vector(0), __consumer_offsets-39 -> Vector(0), __consumer_offsets-12 -> Vector(0), __consumer_offsets-45 -> Vector(0), __consumer_offsets-1 -> Vector(0), __consumer_offsets-5 -> Vector(0), __consumer_offsets-26 -> Vector(0), __consumer_offsets-29 -> Vector(0), __consumer_offsets-34 -> Vector(0), __consumer_offsets-10 -> Vector(0), __consumer_offsets-32 -> Vector(0), __consumer_offsets-40 -> Vector(0))) (kafka.controller.KafkaController)
[2020-02-29 10:11:26,365] DEBUG [Controller id=0] Topics not in preferred replica for broker 0 Map() (kafka.controller.KafkaController)
[2020-02-29 10:11:26,365] TRACE [Controller id=0] Leader imbalance ratio for broker 0 is 0.0 (kafka.controller.KafkaController)
[2020-02-29 10:16:26,377] INFO [Controller id=0] Processing automatic preferred replica leader election (kafka.controller.KafkaController)
[2020-02-29 10:16:26,378] TRACE [Controller id=0] Checking need to trigger auto leader balancing (kafka.controller.KafkaController)
[2020-02-29 10:16:26,383] DEBUG [Controller id=0] Preferred replicas by broker Map(0 -> Map(__consumer_offsets-22 -> Vector(0), __consumer_offsets-30 -> Vector(0), __consumer_offsets-8 -> Vector(0), __consumer_offsets-21 -> Vector(0), __consumer_offsets-4 -> Vector(0), __consumer_offsets-27 -> Vector(0), __consumer_offsets-7 -> Vector(0), __consumer_offsets-9 -> Vector(0), __consumer_offsets-46 -> Vector(0), __consumer_offsets-25 -> Vector(0), __consumer_offsets-35 -> Vector(0), __consumer_offsets-41 -> Vector(0), __consumer_offsets-33 -> Vector(0), __consumer_offsets-23 -> Vector(0), __consumer_offsets-49 -> Vector(0), __consumer_offsets-47 -> Vector(0), __consumer_offsets-16 -> Vector(0), test-0 -> Vector(0), __consumer_offsets-28 -> Vector(0), __consumer_offsets-31 -> Vector(0), __consumer_offsets-36 -> Vector(0), __consumer_offsets-42 -> Vector(0), __consumer_offsets-3 -> Vector(0), __consumer_offsets-18 -> Vector(0), __consumer_offsets-37 -> Vector(0), __consumer_offsets-15 -> Vector(0), __consumer_offsets-24 -> Vector(0), __consumer_offsets-38 -> Vector(0), __consumer_offsets-17 -> Vector(0), __consumer_offsets-48 -> Vector(0), __consumer_offsets-19 -> Vector(0), __consumer_offsets-11 -> Vector(0), __consumer_offsets-13 -> Vector(0), __consumer_offsets-2 -> Vector(0), __consumer_offsets-43 -> Vector(0), __consumer_offsets-6 -> Vector(0), __consumer_offsets-14 -> Vector(0), __consumer_offsets-20 -> Vector(0), __consumer_offsets-0 -> Vector(0), __consumer_offsets-44 -> Vector(0), __consumer_offsets-39 -> Vector(0), __consumer_offsets-12 -> Vector(0), __consumer_offsets-45 -> Vector(0), __consumer_offsets-1 -> Vector(0), __consumer_offsets-5 -> Vector(0), __consumer_offsets-26 -> Vector(0), __consumer_offsets-29 -> Vector(0), __consumer_offsets-34 -> Vector(0), __consumer_offsets-10 -> Vector(0), __consumer_offsets-32 -> Vector(0), __consumer_offsets-40 -> Vector(0))) (kafka.controller.KafkaController)
[2020-02-29 10:16:26,384] DEBUG [Controller id=0] Topics not in preferred replica for broker 0 Map() (kafka.controller.KafkaController)
[2020-02-29 10:16:26,384] TRACE [Controller id=0] Leader imbalance ratio for broker 0 is 0.0 (kafka.controller.KafkaController)
[2020-02-29 10:21:26,919] INFO [Controller id=0] Processing automatic preferred replica leader election (kafka.controller.KafkaController)
[2020-02-29 10:21:26,920] TRACE [Controller id=0] Checking need to trigger auto leader balancing (kafka.controller.KafkaController)
[2020-02-29 10:21:26,924] DEBUG [Controller id=0] Preferred replicas by broker Map(0 -> Map(__consumer_offsets-22 -> Vector(0), __consumer_offsets-30 -> Vector(0), __consumer_offsets-8 -> Vector(0), __consumer_offsets-21 -> Vector(0), __consumer_offsets-4 -> Vector(0), __consumer_offsets-27 -> Vector(0), __consumer_offsets-7 -> Vector(0), __consumer_offsets-9 -> Vector(0), __consumer_offsets-46 -> Vector(0), __consumer_offsets-25 -> Vector(0), __consumer_offsets-35 -> Vector(0), __consumer_offsets-41 -> Vector(0), __consumer_offsets-33 -> Vector(0), __consumer_offsets-23 -> Vector(0), __consumer_offsets-49 -> Vector(0), __consumer_offsets-47 -> Vector(0), __consumer_offsets-16 -> Vector(0), test-0 -> Vector(0), __consumer_offsets-28 -> Vector(0), __consumer_offsets-31 -> Vector(0), __consumer_offsets-36 -> Vector(0), __consumer_offsets-42 -> Vector(0), __consumer_offsets-3 -> Vector(0), __consumer_offsets-18 -> Vector(0), __consumer_offsets-37 -> Vector(0), __consumer_offsets-15 -> Vector(0), __consumer_offsets-24 -> Vector(0), __consumer_offsets-38 -> Vector(0), __consumer_offsets-17 -> Vector(0), __consumer_offsets-48 -> Vector(0), __consumer_offsets-19 -> Vector(0), __consumer_offsets-11 -> Vector(0), __consumer_offsets-13 -> Vector(0), __consumer_offsets-2 -> Vector(0), __consumer_offsets-43 -> Vector(0), __consumer_offsets-6 -> Vector(0), __consumer_offsets-14 -> Vector(0), __consumer_offsets-20 -> Vector(0), __consumer_offsets-0 -> Vector(0), __consumer_offsets-44 -> Vector(0), __consumer_offsets-39 -> Vector(0), __consumer_offsets-12 -> Vector(0), __consumer_offsets-45 -> Vector(0), __consumer_offsets-1 -> Vector(0), __consumer_offsets-5 -> Vector(0), __consumer_offsets-26 -> Vector(0), __consumer_offsets-29 -> Vector(0), __consumer_offsets-34 -> Vector(0), __consumer_offsets-10 -> Vector(0), __consumer_offsets-32 -> Vector(0), __consumer_offsets-40 -> Vector(0))) (kafka.controller.KafkaController)
[2020-02-29 10:21:26,924] DEBUG [Controller id=0] Topics not in preferred replica for broker 0 Map() (kafka.controller.KafkaController)
[2020-02-29 10:21:26,924] TRACE [Controller id=0] Leader imbalance ratio for broker 0 is 0.0 (kafka.controller.KafkaController)
[2020-02-29 10:26:26,939] INFO [Controller id=0] Processing automatic preferred replica leader election (kafka.controller.KafkaController)
[2020-02-29 10:26:26,940] TRACE [Controller id=0] Checking need to trigger auto leader balancing (kafka.controller.KafkaController)
[2020-02-29 10:26:26,943] DEBUG [Controller id=0] Preferred replicas by broker Map(0 -> Map(__consumer_offsets-22 -> Vector(0), __consumer_offsets-30 -> Vector(0), __consumer_offsets-8 -> Vector(0), __consumer_offsets-21 -> Vector(0), __consumer_offsets-4 -> Vector(0), __consumer_offsets-27 -> Vector(0), __consumer_offsets-7 -> Vector(0), __consumer_offsets-9 -> Vector(0), __consumer_offsets-46 -> Vector(0), __consumer_offsets-25 -> Vector(0), __consumer_offsets-35 -> Vector(0), __consumer_offsets-41 -> Vector(0), __consumer_offsets-33 -> Vector(0), __consumer_offsets-23 -> Vector(0), __consumer_offsets-49 -> Vector(0), __consumer_offsets-47 -> Vector(0), __consumer_offsets-16 -> Vector(0), test-0 -> Vector(0), __consumer_offsets-28 -> Vector(0), __consumer_offsets-31 -> Vector(0), __consumer_offsets-36 -> Vector(0), __consumer_offsets-42 -> Vector(0), __consumer_offsets-3 -> Vector(0), __consumer_offsets-18 -> Vector(0), __consumer_offsets-37 -> Vector(0), __consumer_offsets-15 -> Vector(0), __consumer_offsets-24 -> Vector(0), __consumer_offsets-38 -> Vector(0), __consumer_offsets-17 -> Vector(0), __consumer_offsets-48 -> Vector(0), __consumer_offsets-19 -> Vector(0), __consumer_offsets-11 -> Vector(0), __consumer_offsets-13 -> Vector(0), __consumer_offsets-2 -> Vector(0), __consumer_offsets-43 -> Vector(0), __consumer_offsets-6 -> Vector(0), __consumer_offsets-14 -> Vector(0), __consumer_offsets-20 -> Vector(0), __consumer_offsets-0 -> Vector(0), __consumer_offsets-44 -> Vector(0), __consumer_offsets-39 -> Vector(0), __consumer_offsets-12 -> Vector(0), __consumer_offsets-45 -> Vector(0), __consumer_offsets-1 -> Vector(0), __consumer_offsets-5 -> Vector(0), __consumer_offsets-26 -> Vector(0), __consumer_offsets-29 -> Vector(0), __consumer_offsets-34 -> Vector(0), __consumer_offsets-10 -> Vector(0), __consumer_offsets-32 -> Vector(0), __consumer_offsets-40 -> Vector(0))) (kafka.controller.KafkaController)
[2020-02-29 10:26:26,944] DEBUG [Controller id=0] Topics not in preferred replica for broker 0 Map() (kafka.controller.KafkaController)
[2020-02-29 10:26:26,944] TRACE [Controller id=0] Leader imbalance ratio for broker 0 is 0.0 (kafka.controller.KafkaController)
[2020-02-29 10:27:11,980] INFO [Controller id=0] New topics: [Set(test2)], deleted topics: [Set()], new partition replica assignment [Map(test2-0 -> ReplicaAssignment(replicas=0, addingReplicas=, removingReplicas=))] (kafka.controller.KafkaController)
[2020-02-29 10:27:11,982] INFO [Controller id=0] New partition creation callback for test2-0 (kafka.controller.KafkaController)
[2020-02-29 10:27:42,005] WARN [RequestSendThread controllerId=0] Controller 0 epoch 1 fails to send request (type=LeaderAndIsRequest, controllerId=0, controllerEpoch=1, brokerEpoch=24, partitionStates=[LeaderAndIsrPartitionState(topicName='test2', partitionIndex=0, controllerEpoch=1, leader=0, leaderEpoch=0, isr=[0], zkVersion=0, replicas=[0], addingReplicas=[], removingReplicas=[], isNew=true)], liveLeaders=(10.3.1.94:9092 (id: 0 rack: null))) to broker 10.3.1.94:9092 (id: 0 rack: null). Reconnecting to broker. (kafka.controller.RequestSendThread)
java.io.IOException: Connection to 0 was disconnected before the response was read
	at org.apache.kafka.clients.NetworkClientUtils.sendAndReceive(NetworkClientUtils.java:100)
	at kafka.controller.RequestSendThread.doWork(ControllerChannelManager.scala:257)
	at kafka.utils.ShutdownableThread.run(ShutdownableThread.scala:96)
[2020-02-29 10:28:12,125] WARN [RequestSendThread controllerId=0] Controller 0's connection to broker 10.3.1.94:9092 (id: 0 rack: null) was unsuccessful (kafka.controller.RequestSendThread)
java.net.SocketTimeoutException: Failed to connect within 30000 ms
	at kafka.controller.RequestSendThread.brokerReady(ControllerChannelManager.scala:297)
	at kafka.controller.RequestSendThread.doWork(ControllerChannelManager.scala:250)
	at kafka.utils.ShutdownableThread.run(ShutdownableThread.scala:96)
[2020-02-29 10:28:42,236] WARN [RequestSendThread controllerId=0] Controller 0's connection to broker 10.3.1.94:9092 (id: 0 rack: null) was unsuccessful (kafka.controller.RequestSendThread)
java.net.SocketTimeoutException: Failed to connect within 30000 ms
	at kafka.controller.RequestSendThread.brokerReady(ControllerChannelManager.scala:297)
	at kafka.controller.RequestSendThread.doWork(ControllerChannelManager.scala:250)
	at kafka.utils.ShutdownableThread.run(ShutdownableThread.scala:96)
[2020-02-29 10:29:12,339] WARN [RequestSendThread controllerId=0] Controller 0's connection to broker 10.3.1.94:9092 (id: 0 rack: null) was unsuccessful (kafka.controller.RequestSendThread)
java.net.SocketTimeoutException: Failed to connect within 30000 ms
	at kafka.controller.RequestSendThread.brokerReady(ControllerChannelManager.scala:297)
	at kafka.controller.RequestSendThread.doWork(ControllerChannelManager.scala:250)
	at kafka.utils.ShutdownableThread.run(ShutdownableThread.scala:96)
[2020-02-29 10:29:42,447] WARN [RequestSendThread controllerId=0] Controller 0's connection to broker 10.3.1.94:9092 (id: 0 rack: null) was unsuccessful (kafka.controller.RequestSendThread)
java.net.SocketTimeoutException: Failed to connect within 30000 ms
	at kafka.controller.RequestSendThread.brokerReady(ControllerChannelManager.scala:297)
	at kafka.controller.RequestSendThread.doWork(ControllerChannelManager.scala:250)
	at kafka.utils.ShutdownableThread.run(ShutdownableThread.scala:96)
[2020-02-29 10:30:12,559] WARN [RequestSendThread controllerId=0] Controller 0's connection to broker 10.3.1.94:9092 (id: 0 rack: null) was unsuccessful (kafka.controller.RequestSendThread)
java.net.SocketTimeoutException: Failed to connect within 30000 ms
	at kafka.controller.RequestSendThread.brokerReady(ControllerChannelManager.scala:297)
	at kafka.controller.RequestSendThread.doWork(ControllerChannelManager.scala:250)
	at kafka.utils.ShutdownableThread.run(ShutdownableThread.scala:96)
[2020-02-29 10:30:42,669] WARN [RequestSendThread controllerId=0] Controller 0's connection to broker 10.3.1.94:9092 (id: 0 rack: null) was unsuccessful (kafka.controller.RequestSendThread)
java.net.SocketTimeoutException: Failed to connect within 30000 ms
	at kafka.controller.RequestSendThread.brokerReady(ControllerChannelManager.scala:297)
	at kafka.controller.RequestSendThread.doWork(ControllerChannelManager.scala:250)
	at kafka.utils.ShutdownableThread.run(ShutdownableThread.scala:96)
[2020-02-29 10:31:12,775] WARN [RequestSendThread controllerId=0] Controller 0's connection to broker 10.3.1.94:9092 (id: 0 rack: null) was unsuccessful (kafka.controller.RequestSendThread)
java.net.SocketTimeoutException: Failed to connect within 30000 ms
	at kafka.controller.RequestSendThread.brokerReady(ControllerChannelManager.scala:297)
	at kafka.controller.RequestSendThread.doWork(ControllerChannelManager.scala:250)
	at kafka.utils.ShutdownableThread.run(ShutdownableThread.scala:96)
[2020-02-29 10:31:26,955] INFO [Controller id=0] Processing automatic preferred replica leader election (kafka.controller.KafkaController)
[2020-02-29 10:31:26,955] TRACE [Controller id=0] Checking need to trigger auto leader balancing (kafka.controller.KafkaController)
[2020-02-29 10:31:26,957] DEBUG [Controller id=0] Preferred replicas by broker Map(0 -> Map(__consumer_offsets-22 -> Vector(0), __consumer_offsets-30 -> Vector(0), __consumer_offsets-8 -> Vector(0), __consumer_offsets-21 -> Vector(0), __consumer_offsets-4 -> Vector(0), __consumer_offsets-27 -> Vector(0), __consumer_offsets-7 -> Vector(0), __consumer_offsets-9 -> Vector(0), __consumer_offsets-46 -> Vector(0), __consumer_offsets-25 -> Vector(0), __consumer_offsets-35 -> Vector(0), __consumer_offsets-41 -> Vector(0), __consumer_offsets-33 -> Vector(0), __consumer_offsets-23 -> Vector(0), __consumer_offsets-49 -> Vector(0), __consumer_offsets-47 -> Vector(0), __consumer_offsets-16 -> Vector(0), test-0 -> Vector(0), __consumer_offsets-28 -> Vector(0), __consumer_offsets-31 -> Vector(0), __consumer_offsets-36 -> Vector(0), __consumer_offsets-42 -> Vector(0), __consumer_offsets-3 -> Vector(0), __consumer_offsets-18 -> Vector(0), __consumer_offsets-37 -> Vector(0), __consumer_offsets-15 -> Vector(0), __consumer_offsets-24 -> Vector(0), __consumer_offsets-38 -> Vector(0), __consumer_offsets-17 -> Vector(0), __consumer_offsets-48 -> Vector(0), __consumer_offsets-19 -> Vector(0), __consumer_offsets-11 -> Vector(0), __consumer_offsets-13 -> Vector(0), __consumer_offsets-2 -> Vector(0), __consumer_offsets-43 -> Vector(0), __consumer_offsets-6 -> Vector(0), __consumer_offsets-14 -> Vector(0), __consumer_offsets-20 -> Vector(0), __consumer_offsets-0 -> Vector(0), __consumer_offsets-44 -> Vector(0), __consumer_offsets-39 -> Vector(0), __consumer_offsets-12 -> Vector(0), __consumer_offsets-45 -> Vector(0), __consumer_offsets-1 -> Vector(0), __consumer_offsets-5 -> Vector(0), __consumer_offsets-26 -> Vector(0), __consumer_offsets-29 -> Vector(0), __consumer_offsets-34 -> Vector(0), __consumer_offsets-10 -> Vector(0), test2-0 -> Vector(0), __consumer_offsets-32 -> Vector(0), __consumer_offsets-40 -> Vector(0))) (kafka.controller.KafkaController)
[2020-02-29 10:31:26,957] DEBUG [Controller id=0] Topics not in preferred replica for broker 0 Map() (kafka.controller.KafkaController)
[2020-02-29 10:31:26,957] TRACE [Controller id=0] Leader imbalance ratio for broker 0 is 0.0 (kafka.controller.KafkaController)
[2020-02-29 10:31:42,887] WARN [RequestSendThread controllerId=0] Controller 0's connection to broker 10.3.1.94:9092 (id: 0 rack: null) was unsuccessful (kafka.controller.RequestSendThread)
java.net.SocketTimeoutException: Failed to connect within 30000 ms
	at kafka.controller.RequestSendThread.brokerReady(ControllerChannelManager.scala:297)
	at kafka.controller.RequestSendThread.doWork(ControllerChannelManager.scala:250)
	at kafka.utils.ShutdownableThread.run(ShutdownableThread.scala:96)
[2020-02-29 10:32:12,996] WARN [RequestSendThread controllerId=0] Controller 0's connection to broker 10.3.1.94:9092 (id: 0 rack: null) was unsuccessful (kafka.controller.RequestSendThread)
java.net.SocketTimeoutException: Failed to connect within 30000 ms
	at kafka.controller.RequestSendThread.brokerReady(ControllerChannelManager.scala:297)
	at kafka.controller.RequestSendThread.doWork(ControllerChannelManager.scala:250)
	at kafka.utils.ShutdownableThread.run(ShutdownableThread.scala:96)
[2020-02-29 10:32:43,103] WARN [RequestSendThread controllerId=0] Controller 0's connection to broker 10.3.1.94:9092 (id: 0 rack: null) was unsuccessful (kafka.controller.RequestSendThread)
java.net.SocketTimeoutException: Failed to connect within 30000 ms
	at kafka.controller.RequestSendThread.brokerReady(ControllerChannelManager.scala:297)
	at kafka.controller.RequestSendThread.doWork(ControllerChannelManager.scala:250)
	at kafka.utils.ShutdownableThread.run(ShutdownableThread.scala:96)
[2020-02-29 10:33:13,214] WARN [RequestSendThread controllerId=0] Controller 0's connection to broker 10.3.1.94:9092 (id: 0 rack: null) was unsuccessful (kafka.controller.RequestSendThread)
java.net.SocketTimeoutException: Failed to connect within 30000 ms
	at kafka.controller.RequestSendThread.brokerReady(ControllerChannelManager.scala:297)
	at kafka.controller.RequestSendThread.doWork(ControllerChannelManager.scala:250)
	at kafka.utils.ShutdownableThread.run(ShutdownableThread.scala:96)
[2020-02-29 10:33:43,327] WARN [RequestSendThread controllerId=0] Controller 0's connection to broker 10.3.1.94:9092 (id: 0 rack: null) was unsuccessful (kafka.controller.RequestSendThread)
java.net.SocketTimeoutException: Failed to connect within 30000 ms
	at kafka.controller.RequestSendThread.brokerReady(ControllerChannelManager.scala:297)
	at kafka.controller.RequestSendThread.doWork(ControllerChannelManager.scala:250)
	at kafka.utils.ShutdownableThread.run(ShutdownableThread.scala:96)
[2020-02-29 10:34:13,433] WARN [RequestSendThread controllerId=0] Controller 0's connection to broker 10.3.1.94:9092 (id: 0 rack: null) was unsuccessful (kafka.controller.RequestSendThread)
java.net.SocketTimeoutException: Failed to connect within 30000 ms
	at kafka.controller.RequestSendThread.brokerReady(ControllerChannelManager.scala:297)
	at kafka.controller.RequestSendThread.doWork(ControllerChannelManager.scala:250)
	at kafka.utils.ShutdownableThread.run(ShutdownableThread.scala:96)
[2020-02-29 10:34:43,538] WARN [RequestSendThread controllerId=0] Controller 0's connection to broker 10.3.1.94:9092 (id: 0 rack: null) was unsuccessful (kafka.controller.RequestSendThread)
java.net.SocketTimeoutException: Failed to connect within 30000 ms
	at kafka.controller.RequestSendThread.brokerReady(ControllerChannelManager.scala:297)
	at kafka.controller.RequestSendThread.doWork(ControllerChannelManager.scala:250)
	at kafka.utils.ShutdownableThread.run(ShutdownableThread.scala:96)
[2020-02-29 10:35:13,644] WARN [RequestSendThread controllerId=0] Controller 0's connection to broker 10.3.1.94:9092 (id: 0 rack: null) was unsuccessful (kafka.controller.RequestSendThread)
java.net.SocketTimeoutException: Failed to connect within 30000 ms
	at kafka.controller.RequestSendThread.brokerReady(ControllerChannelManager.scala:297)
	at kafka.controller.RequestSendThread.doWork(ControllerChannelManager.scala:250)
	at kafka.utils.ShutdownableThread.run(ShutdownableThread.scala:96)
[2020-02-29 10:35:43,748] WARN [RequestSendThread controllerId=0] Controller 0's connection to broker 10.3.1.94:9092 (id: 0 rack: null) was unsuccessful (kafka.controller.RequestSendThread)
java.net.SocketTimeoutException: Failed to connect within 30000 ms
	at kafka.controller.RequestSendThread.brokerReady(ControllerChannelManager.scala:297)
	at kafka.controller.RequestSendThread.doWork(ControllerChannelManager.scala:250)
	at kafka.utils.ShutdownableThread.run(ShutdownableThread.scala:96)
[2020-02-29 10:36:13,860] WARN [RequestSendThread controllerId=0] Controller 0's connection to broker 10.3.1.94:9092 (id: 0 rack: null) was unsuccessful (kafka.controller.RequestSendThread)
java.net.SocketTimeoutException: Failed to connect within 30000 ms
	at kafka.controller.RequestSendThread.brokerReady(ControllerChannelManager.scala:297)
	at kafka.controller.RequestSendThread.doWork(ControllerChannelManager.scala:250)
	at kafka.utils.ShutdownableThread.run(ShutdownableThread.scala:96)
[2020-02-29 10:36:26,968] INFO [Controller id=0] Processing automatic preferred replica leader election (kafka.controller.KafkaController)
[2020-02-29 10:36:26,968] TRACE [Controller id=0] Checking need to trigger auto leader balancing (kafka.controller.KafkaController)
[2020-02-29 10:36:26,970] DEBUG [Controller id=0] Preferred replicas by broker Map(0 -> Map(__consumer_offsets-22 -> Vector(0), __consumer_offsets-30 -> Vector(0), __consumer_offsets-8 -> Vector(0), __consumer_offsets-21 -> Vector(0), __consumer_offsets-4 -> Vector(0), __consumer_offsets-27 -> Vector(0), __consumer_offsets-7 -> Vector(0), __consumer_offsets-9 -> Vector(0), __consumer_offsets-46 -> Vector(0), __consumer_offsets-25 -> Vector(0), __consumer_offsets-35 -> Vector(0), __consumer_offsets-41 -> Vector(0), __consumer_offsets-33 -> Vector(0), __consumer_offsets-23 -> Vector(0), __consumer_offsets-49 -> Vector(0), __consumer_offsets-47 -> Vector(0), __consumer_offsets-16 -> Vector(0), test-0 -> Vector(0), __consumer_offsets-28 -> Vector(0), __consumer_offsets-31 -> Vector(0), __consumer_offsets-36 -> Vector(0), __consumer_offsets-42 -> Vector(0), __consumer_offsets-3 -> Vector(0), __consumer_offsets-18 -> Vector(0), __consumer_offsets-37 -> Vector(0), __consumer_offsets-15 -> Vector(0), __consumer_offsets-24 -> Vector(0), __consumer_offsets-38 -> Vector(0), __consumer_offsets-17 -> Vector(0), __consumer_offsets-48 -> Vector(0), __consumer_offsets-19 -> Vector(0), __consumer_offsets-11 -> Vector(0), __consumer_offsets-13 -> Vector(0), __consumer_offsets-2 -> Vector(0), __consumer_offsets-43 -> Vector(0), __consumer_offsets-6 -> Vector(0), __consumer_offsets-14 -> Vector(0), __consumer_offsets-20 -> Vector(0), __consumer_offsets-0 -> Vector(0), __consumer_offsets-44 -> Vector(0), __consumer_offsets-39 -> Vector(0), __consumer_offsets-12 -> Vector(0), __consumer_offsets-45 -> Vector(0), __consumer_offsets-1 -> Vector(0), __consumer_offsets-5 -> Vector(0), __consumer_offsets-26 -> Vector(0), __consumer_offsets-29 -> Vector(0), __consumer_offsets-34 -> Vector(0), __consumer_offsets-10 -> Vector(0), test2-0 -> Vector(0), __consumer_offsets-32 -> Vector(0), __consumer_offsets-40 -> Vector(0))) (kafka.controller.KafkaController)
[2020-02-29 10:36:26,970] DEBUG [Controller id=0] Topics not in preferred replica for broker 0 Map() (kafka.controller.KafkaController)
[2020-02-29 10:36:26,970] TRACE [Controller id=0] Leader imbalance ratio for broker 0 is 0.0 (kafka.controller.KafkaController)
[2020-02-29 10:36:43,967] WARN [RequestSendThread controllerId=0] Controller 0's connection to broker 10.3.1.94:9092 (id: 0 rack: null) was unsuccessful (kafka.controller.RequestSendThread)
java.net.SocketTimeoutException: Failed to connect within 30000 ms
	at kafka.controller.RequestSendThread.brokerReady(ControllerChannelManager.scala:297)
	at kafka.controller.RequestSendThread.doWork(ControllerChannelManager.scala:250)
	at kafka.utils.ShutdownableThread.run(ShutdownableThread.scala:96)
[2020-02-29 10:37:14,079] WARN [RequestSendThread controllerId=0] Controller 0's connection to broker 10.3.1.94:9092 (id: 0 rack: null) was unsuccessful (kafka.controller.RequestSendThread)
java.net.SocketTimeoutException: Failed to connect within 30000 ms
	at kafka.controller.RequestSendThread.brokerReady(ControllerChannelManager.scala:297)
	at kafka.controller.RequestSendThread.doWork(ControllerChannelManager.scala:250)
	at kafka.utils.ShutdownableThread.run(ShutdownableThread.scala:96)
[2020-02-29 10:37:44,187] WARN [RequestSendThread controllerId=0] Controller 0's connection to broker 10.3.1.94:9092 (id: 0 rack: null) was unsuccessful (kafka.controller.RequestSendThread)
java.net.SocketTimeoutException: Failed to connect within 30000 ms
	at kafka.controller.RequestSendThread.brokerReady(ControllerChannelManager.scala:297)
	at kafka.controller.RequestSendThread.doWork(ControllerChannelManager.scala:250)
	at kafka.utils.ShutdownableThread.run(ShutdownableThread.scala:96)
[2020-02-29 10:38:14,305] WARN [RequestSendThread controllerId=0] Controller 0's connection to broker 10.3.1.94:9092 (id: 0 rack: null) was unsuccessful (kafka.controller.RequestSendThread)
java.net.SocketTimeoutException: Failed to connect within 30000 ms
	at kafka.controller.RequestSendThread.brokerReady(ControllerChannelManager.scala:297)
	at kafka.controller.RequestSendThread.doWork(ControllerChannelManager.scala:250)
	at kafka.utils.ShutdownableThread.run(ShutdownableThread.scala:96)
[2020-02-29 10:38:44,418] WARN [RequestSendThread controllerId=0] Controller 0's connection to broker 10.3.1.94:9092 (id: 0 rack: null) was unsuccessful (kafka.controller.RequestSendThread)
java.net.SocketTimeoutException: Failed to connect within 30000 ms
	at kafka.controller.RequestSendThread.brokerReady(ControllerChannelManager.scala:297)
	at kafka.controller.RequestSendThread.doWork(ControllerChannelManager.scala:250)
	at kafka.utils.ShutdownableThread.run(ShutdownableThread.scala:96)
[2020-02-29 10:39:14,528] WARN [RequestSendThread controllerId=0] Controller 0's connection to broker 10.3.1.94:9092 (id: 0 rack: null) was unsuccessful (kafka.controller.RequestSendThread)
java.net.SocketTimeoutException: Failed to connect within 30000 ms
	at kafka.controller.RequestSendThread.brokerReady(ControllerChannelManager.scala:297)
	at kafka.controller.RequestSendThread.doWork(ControllerChannelManager.scala:250)
	at kafka.utils.ShutdownableThread.run(ShutdownableThread.scala:96)
[2020-02-29 10:39:44,635] WARN [RequestSendThread controllerId=0] Controller 0's connection to broker 10.3.1.94:9092 (id: 0 rack: null) was unsuccessful (kafka.controller.RequestSendThread)
java.net.SocketTimeoutException: Failed to connect within 30000 ms
	at kafka.controller.RequestSendThread.brokerReady(ControllerChannelManager.scala:297)
	at kafka.controller.RequestSendThread.doWork(ControllerChannelManager.scala:250)
	at kafka.utils.ShutdownableThread.run(ShutdownableThread.scala:96)
[2020-02-29 10:40:14,743] WARN [RequestSendThread controllerId=0] Controller 0's connection to broker 10.3.1.94:9092 (id: 0 rack: null) was unsuccessful (kafka.controller.RequestSendThread)
java.net.SocketTimeoutException: Failed to connect within 30000 ms
	at kafka.controller.RequestSendThread.brokerReady(ControllerChannelManager.scala:297)
	at kafka.controller.RequestSendThread.doWork(ControllerChannelManager.scala:250)
	at kafka.utils.ShutdownableThread.run(ShutdownableThread.scala:96)
[2020-02-29 10:40:44,852] WARN [RequestSendThread controllerId=0] Controller 0's connection to broker 10.3.1.94:9092 (id: 0 rack: null) was unsuccessful (kafka.controller.RequestSendThread)
java.net.SocketTimeoutException: Failed to connect within 30000 ms
	at kafka.controller.RequestSendThread.brokerReady(ControllerChannelManager.scala:297)
	at kafka.controller.RequestSendThread.doWork(ControllerChannelManager.scala:250)
	at kafka.utils.ShutdownableThread.run(ShutdownableThread.scala:96)
[2020-02-29 10:41:14,954] WARN [RequestSendThread controllerId=0] Controller 0's connection to broker 10.3.1.94:9092 (id: 0 rack: null) was unsuccessful (kafka.controller.RequestSendThread)
java.net.SocketTimeoutException: Failed to connect within 30000 ms
	at kafka.controller.RequestSendThread.brokerReady(ControllerChannelManager.scala:297)
	at kafka.controller.RequestSendThread.doWork(ControllerChannelManager.scala:250)
	at kafka.utils.ShutdownableThread.run(ShutdownableThread.scala:96)
[2020-02-29 10:41:15,061] INFO [RequestSendThread controllerId=0] Controller 0 connected to 10.3.1.94:9092 (id: 0 rack: null) for sending state change requests (kafka.controller.RequestSendThread)
[2020-02-29 10:41:26,988] INFO [Controller id=0] Processing automatic preferred replica leader election (kafka.controller.KafkaController)
[2020-02-29 10:41:26,989] TRACE [Controller id=0] Checking need to trigger auto leader balancing (kafka.controller.KafkaController)
[2020-02-29 10:41:26,990] DEBUG [Controller id=0] Preferred replicas by broker Map(0 -> Map(__consumer_offsets-22 -> Vector(0), __consumer_offsets-30 -> Vector(0), __consumer_offsets-8 -> Vector(0), __consumer_offsets-21 -> Vector(0), __consumer_offsets-4 -> Vector(0), __consumer_offsets-27 -> Vector(0), __consumer_offsets-7 -> Vector(0), __consumer_offsets-9 -> Vector(0), __consumer_offsets-46 -> Vector(0), __consumer_offsets-25 -> Vector(0), __consumer_offsets-35 -> Vector(0), __consumer_offsets-41 -> Vector(0), __consumer_offsets-33 -> Vector(0), __consumer_offsets-23 -> Vector(0), __consumer_offsets-49 -> Vector(0), __consumer_offsets-47 -> Vector(0), __consumer_offsets-16 -> Vector(0), test-0 -> Vector(0), __consumer_offsets-28 -> Vector(0), __consumer_offsets-31 -> Vector(0), __consumer_offsets-36 -> Vector(0), __consumer_offsets-42 -> Vector(0), __consumer_offsets-3 -> Vector(0), __consumer_offsets-18 -> Vector(0), __consumer_offsets-37 -> Vector(0), __consumer_offsets-15 -> Vector(0), __consumer_offsets-24 -> Vector(0), __consumer_offsets-38 -> Vector(0), __consumer_offsets-17 -> Vector(0), __consumer_offsets-48 -> Vector(0), __consumer_offsets-19 -> Vector(0), __consumer_offsets-11 -> Vector(0), __consumer_offsets-13 -> Vector(0), __consumer_offsets-2 -> Vector(0), __consumer_offsets-43 -> Vector(0), __consumer_offsets-6 -> Vector(0), __consumer_offsets-14 -> Vector(0), __consumer_offsets-20 -> Vector(0), __consumer_offsets-0 -> Vector(0), __consumer_offsets-44 -> Vector(0), __consumer_offsets-39 -> Vector(0), __consumer_offsets-12 -> Vector(0), __consumer_offsets-45 -> Vector(0), __consumer_offsets-1 -> Vector(0), __consumer_offsets-5 -> Vector(0), __consumer_offsets-26 -> Vector(0), __consumer_offsets-29 -> Vector(0), __consumer_offsets-34 -> Vector(0), __consumer_offsets-10 -> Vector(0), test2-0 -> Vector(0), __consumer_offsets-32 -> Vector(0), __consumer_offsets-40 -> Vector(0))) (kafka.controller.KafkaController)
[2020-02-29 10:41:26,990] DEBUG [Controller id=0] Topics not in preferred replica for broker 0 Map() (kafka.controller.KafkaController)
[2020-02-29 10:41:26,990] TRACE [Controller id=0] Leader imbalance ratio for broker 0 is 0.0 (kafka.controller.KafkaController)
[2020-02-29 10:42:08,332] INFO [Controller id=0] Shutting down broker 0 (kafka.controller.KafkaController)
[2020-02-29 10:42:08,332] DEBUG [Controller id=0] All shutting down brokers: 0 (kafka.controller.KafkaController)
[2020-02-29 10:42:08,333] DEBUG [Controller id=0] Live brokers:  (kafka.controller.KafkaController)
[2020-02-29 10:42:08,342] TRACE [Controller id=0] All leaders = __consumer_offsets-49 -> (Leader:0,ISR:0,LeaderEpoch:0,ControllerEpoch:1),__consumer_offsets-38 -> (Leader:0,ISR:0,LeaderEpoch:0,ControllerEpoch:1),__consumer_offsets-16 -> (Leader:0,ISR:0,LeaderEpoch:0,ControllerEpoch:1),__consumer_offsets-27 -> (Leader:0,ISR:0,LeaderEpoch:0,ControllerEpoch:1),__consumer_offsets-8 -> (Leader:0,ISR:0,LeaderEpoch:0,ControllerEpoch:1),__consumer_offsets-19 -> (Leader:0,ISR:0,LeaderEpoch:0,ControllerEpoch:1),__consumer_offsets-13 -> (Leader:0,ISR:0,LeaderEpoch:0,ControllerEpoch:1),__consumer_offsets-2 -> (Leader:0,ISR:0,LeaderEpoch:0,ControllerEpoch:1),__consumer_offsets-46 -> (Leader:0,ISR:0,LeaderEpoch:0,ControllerEpoch:1),__consumer_offsets-35 -> (Leader:0,ISR:0,LeaderEpoch:0,ControllerEpoch:1),__consumer_offsets-24 -> (Leader:0,ISR:0,LeaderEpoch:0,ControllerEpoch:1),__consumer_offsets-5 -> (Leader:0,ISR:0,LeaderEpoch:0,ControllerEpoch:1),__consumer_offsets-43 -> (Leader:0,ISR:0,LeaderEpoch:0,ControllerEpoch:1),__consumer_offsets-32 -> (Leader:0,ISR:0,LeaderEpoch:0,ControllerEpoch:1),__consumer_offsets-21 -> (Leader:0,ISR:0,LeaderEpoch:0,ControllerEpoch:1),__consumer_offsets-10 -> (Leader:0,ISR:0,LeaderEpoch:0,ControllerEpoch:1),__consumer_offsets-37 -> (Leader:0,ISR:0,LeaderEpoch:0,ControllerEpoch:1),__consumer_offsets-48 -> (Leader:0,ISR:0,LeaderEpoch:0,ControllerEpoch:1),__consumer_offsets-40 -> (Leader:0,ISR:0,LeaderEpoch:0,ControllerEpoch:1),__consumer_offsets-18 -> (Leader:0,ISR:0,LeaderEpoch:0,ControllerEpoch:1),__consumer_offsets-29 -> (Leader:0,ISR:0,LeaderEpoch:0,ControllerEpoch:1),__consumer_offsets-7 -> (Leader:0,ISR:0,LeaderEpoch:0,ControllerEpoch:1),__consumer_offsets-23 -> (Leader:0,ISR:0,LeaderEpoch:0,ControllerEpoch:1),__consumer_offsets-45 -> (Leader:0,ISR:0,LeaderEpoch:0,ControllerEpoch:1),__consumer_offsets-34 -> (Leader:0,ISR:0,LeaderEpoch:0,ControllerEpoch:1),__consumer_offsets-26 -> (Leader:0,ISR:0,LeaderEpoch:0,ControllerEpoch:1),__consumer_offsets-4 -> (Leader:0,ISR:0,LeaderEpoch:0,ControllerEpoch:1),__consumer_offsets-15 -> (Leader:0,ISR:0,LeaderEpoch:0,ControllerEpoch:1),__consumer_offsets-42 -> (Leader:0,ISR:0,LeaderEpoch:0,ControllerEpoch:1),__consumer_offsets-31 -> (Leader:0,ISR:0,LeaderEpoch:0,ControllerEpoch:1),__consumer_offsets-9 -> (Leader:0,ISR:0,LeaderEpoch:0,ControllerEpoch:1),__consumer_offsets-20 -> (Leader:0,ISR:0,LeaderEpoch:0,ControllerEpoch:1),test-0 -> (Leader:0,ISR:0,LeaderEpoch:0,ControllerEpoch:1),__consumer_offsets-12 -> (Leader:0,ISR:0,LeaderEpoch:0,ControllerEpoch:1),__consumer_offsets-1 -> (Leader:0,ISR:0,LeaderEpoch:0,ControllerEpoch:1),__consumer_offsets-28 -> (Leader:0,ISR:0,LeaderEpoch:0,ControllerEpoch:1),__consumer_offsets-17 -> (Leader:0,ISR:0,LeaderEpoch:0,ControllerEpoch:1),__consumer_offsets-6 -> (Leader:0,ISR:0,LeaderEpoch:0,ControllerEpoch:1),__consumer_offsets-39 -> (Leader:0,ISR:0,LeaderEpoch:0,ControllerEpoch:1),__consumer_offsets-44 -> (Leader:0,ISR:0,LeaderEpoch:0,ControllerEpoch:1),test2-0 -> (Leader:0,ISR:0,LeaderEpoch:0,ControllerEpoch:1),__consumer_offsets-36 -> (Leader:0,ISR:0,LeaderEpoch:0,ControllerEpoch:1),__consumer_offsets-47 -> (Leader:0,ISR:0,LeaderEpoch:0,ControllerEpoch:1),__consumer_offsets-3 -> (Leader:0,ISR:0,LeaderEpoch:0,ControllerEpoch:1),__consumer_offsets-25 -> (Leader:0,ISR:0,LeaderEpoch:0,ControllerEpoch:1),__consumer_offsets-14 -> (Leader:0,ISR:0,LeaderEpoch:0,ControllerEpoch:1),__consumer_offsets-30 -> (Leader:0,ISR:0,LeaderEpoch:0,ControllerEpoch:1),__consumer_offsets-41 -> (Leader:0,ISR:0,LeaderEpoch:0,ControllerEpoch:1),__consumer_offsets-33 -> (Leader:0,ISR:0,LeaderEpoch:0,ControllerEpoch:1),__consumer_offsets-22 -> (Leader:0,ISR:0,LeaderEpoch:0,ControllerEpoch:1),__consumer_offsets-11 -> (Leader:0,ISR:0,LeaderEpoch:0,ControllerEpoch:1),__consumer_offsets-0 -> (Leader:0,ISR:0,LeaderEpoch:0,ControllerEpoch:1) (kafka.controller.KafkaController)
[2020-02-29 10:42:09,831] INFO [ControllerEventThread controllerId=0] Shutting down (kafka.controller.ControllerEventManager$ControllerEventThread)
[2020-02-29 10:42:09,832] INFO [ControllerEventThread controllerId=0] Stopped (kafka.controller.ControllerEventManager$ControllerEventThread)
[2020-02-29 10:42:09,832] INFO [ControllerEventThread controllerId=0] Shutdown completed (kafka.controller.ControllerEventManager$ControllerEventThread)
[2020-02-29 10:42:09,833] DEBUG [Controller id=0] Resigning (kafka.controller.KafkaController)
[2020-02-29 10:42:09,834] DEBUG [Controller id=0] Unregister BrokerModifications handler for Set(0) (kafka.controller.KafkaController)
[2020-02-29 10:42:09,836] INFO [PartitionStateMachine controllerId=0] Stopped partition state machine (kafka.controller.ZkPartitionStateMachine)
[2020-02-29 10:42:09,840] INFO [ReplicaStateMachine controllerId=0] Stopped replica state machine (kafka.controller.ZkReplicaStateMachine)
[2020-02-29 10:42:09,842] INFO [RequestSendThread controllerId=0] Shutting down (kafka.controller.RequestSendThread)
[2020-02-29 10:42:09,843] INFO [RequestSendThread controllerId=0] Shutdown completed (kafka.controller.RequestSendThread)
[2020-02-29 10:42:09,843] INFO [RequestSendThread controllerId=0] Stopped (kafka.controller.RequestSendThread)
[2020-02-29 10:42:09,845] INFO [Controller id=0] Resigned (kafka.controller.KafkaController)
